<?xml version="1.0" encoding="UTF-8" ?>
<testsuite tests="4" failures="0" name="kr.co.miroirs.smoking.test.SqlTest" time="5.254" errors="0" skipped="3">
  <properties>
[...]
</properties>
  <testcase classname="kr.co.miroirs.smoking.test.SqlTest" name="fileInfoTest" time="1.312"/>
  <testcase classname="kr.co.miroirs.smoking.test.SqlTest" name="polygonTest" time="1.314">
    <skipped/>
  </testcase>
  <testcase classname="kr.co.miroirs.smoking.test.SqlTest" name="userTest" time="1.314">
    <skipped/>
  </testcase>
  <testcase classname="kr.co.miroirs.smoking.test.SqlTest" name="getSmokingAreaP015Test" time="1.314">
    <skipped/>
  </testcase>
</testsuite>